#
# There is insufficient memory for the Java Runtime Environment to continue.
# Native memory allocation (mmap) failed to map 4128768 bytes for G1 virtual space
# Possible reasons:
#   The system is out of physical RAM or swap space
#   The process is running with CompressedOops enabled, and the Java Heap may be blocking the growth of the native heap
# Possible solutions:
#   Reduce memory load on the system
#   Increase physical memory or swap space
#   Check if swap backing store is full
#   Decrease Java heap size (-Xmx/-Xms)
#   Decrease number of Java threads
#   Decrease Java thread stack sizes (-Xss)
#   Set larger code cache with -XX:ReservedCodeCacheSize=
#   JVM is running with Zero Based Compressed Oops mode in which the Java heap is
#     placed in the first 32GB address space. The Java Heap base address is the
#     maximum limit for the native heap growth. Please use -XX:HeapBaseMinAddress
#     to set the Java Heap base and to place the Java Heap above 32GB virtual address.
# This output file may be truncated or incomplete.
#
#  Out of Memory Error (os_windows.cpp:3527), pid=26128, tid=43980
#
# JRE version:  (19.0.1+10) (build )
# Java VM: Java HotSpot(TM) 64-Bit Server VM (19.0.1+10-21, mixed mode, sharing, tiered, compressed oops, compressed class ptrs, g1 gc, windows-amd64)
# No core dump will be written. Minidumps are not enabled by default on client versions of Windows
#

---------------  S U M M A R Y ------------

Command Line: -Dfile.encoding=UTF-8 opp_store.OPP_STORE

Host: 11th Gen Intel(R) Core(TM) i7-11375H @ 3.30GHz, 8 cores, 15G,  Windows 11 , 64 bit Build 22621 (10.0.22621.1105)
Time: Mon Feb 13 22:15:57 2023 Arab Standard Time elapsed time: 0.020780 seconds (0d 0h 0m 0s)

---------------  T H R E A D  ---------------

Current thread (0x0000019b98e0d590):  JavaThread "Unknown thread" [_thread_in_vm, id=43980, stack(0x0000002b56c00000,0x0000002b56d00000)]

Stack: [0x0000002b56c00000,0x0000002b56d00000]
Native frames: (J=compiled Java code, j=interpreted, Vv=VM code, C=native code)
V  [jvm.dll+0x6ee8fa]
V  [jvm.dll+0x857a1e]
V  [jvm.dll+0x85940e]
V  [jvm.dll+0x859ac3]
V  [jvm.dll+0x28291f]
V  [jvm.dll+0x6eb6e9]
V  [jvm.dll+0x6e028a]
V  [jvm.dll+0x357136]
V  [jvm.dll+0x35eb96]
V  [jvm.dll+0x3b5573]
V  [jvm.dll+0x3b578f]
V  [jvm.dll+0x32c6ea]
V  [jvm.dll+0x32d59e]
V  [jvm.dll+0x821b20]
V  [jvm.dll+0x3c27c1]
V  [jvm.dll+0x8022f1]
V  [jvm.dll+0x44b30f]
V  [jvm.dll+0x44cc91]
C  [jli.dll+0x5287]
C  [ucrtbase.dll+0x29363]
C  [KERNEL32.DLL+0x126bd]
C  [ntdll.dll+0x5dfb8]


---------------  P R O C E S S  ---------------

Threads class SMR info:
_java_thread_list=0x00007ffd5520d048, length=0, elements={
}

Java Threads: ( => current thread )

Other Threads:
  0x0000019b98e7d840 WorkerThread "GC Thread#0" [stack: 0x0000002b56d00000,0x0000002b56e00000] [id=38580]
  0x0000019b98e8f6d0 ConcurrentGCThread "G1 Main Marker" [stack: 0x0000002b56e00000,0x0000002b56f00000] [id=36508]
  0x0000019b98e908a0 WorkerThread "G1 Conc#0" [stack: 0x0000002b56f00000,0x0000002b57000000] [id=31132]

[error occurred during error reporting (printing all threads), id 0xc0000005, EXCEPTION_ACCESS_VIOLATION (0xc0000005) at pc=0x00007ffd549cd127]

VM state: not at safepoint (not fully initialized)

VM Mutex/Monitor currently owned by a thread:  ([mutex/lock_event])
[0x0000019b98e09d00] Heap_lock - owner thread: 0x0000019b98e0d590

Heap address: 0x0000000704a00000, size: 4022 MB, Compressed Oops mode: Zero based, Oop shift amount: 3

CDS archive(s) mapped at: [0x0000000000000000-0x0000000000000000-0x0000000000000000), size 0, SharedBaseAddress: 0x0000000800000000, ArchiveRelocationMode: 0.
Narrow klass base: 0x0000000000000000, Narrow klass shift: 0, Narrow klass range: 0x0

GC Precious Log:
 CardTable entry size: 512
 Card Set container configuration: InlinePtr #cards 4 size 8 Array Of Cards #cards 16 size 48 Howl #buckets 8 coarsen threshold 3686 Howl Bitmap #cards 512 size 80 coarsen threshold 460 Card regions per heap region 1 cards per card region 4096

Heap:
 garbage-first heap   total 0K, used 0K [0x0000000704a00000, 0x0000000800000000)
  region size 2048K, 0 young (0K), 0 survivors (0K)

[error occurred during error reporting (printing heap information), id 0xc0000005, EXCEPTION_ACCESS_VIOLATION (0xc0000005) at pc=0x00007ffd54dd6959]

GC Heap History (0 events):
No events

Dll operation events (1 events):
Event: 0.008 Loaded shared library C:\Program Files\Java\jdk-19\bin\java.dll

Deoptimization events (0 events):
No events

Classes loaded (0 events):
No events

Classes unloaded (0 events):
No events

Classes redefined (0 events):
No events

Internal exceptions (0 events):
No events

VM Operations (0 events):
No events

Events (0 events):
No events


Dynamic libraries:
0x00007ff6ee2c0000 - 0x00007ff6ee2d0000 	C:\Program Files\Java\jdk-19\bin\java.exe
0x00007ffe01850000 - 0x00007ffe01a64000 	C:\WINDOWS\SYSTEM32\ntdll.dll
0x00007ffdae4e0000 - 0x00007ffdae4f7000 	C:\Program Files\Avast Software\Avast\aswhook.dll
0x00007ffe00140000 - 0x00007ffe00203000 	C:\WINDOWS\System32\KERNEL32.DLL
0x00007ffdfeff0000 - 0x00007ffdff38d000 	C:\WINDOWS\System32\KERNELBASE.dll
0x00007ffdff480000 - 0x00007ffdff591000 	C:\WINDOWS\System32\ucrtbase.dll
0x00007ffdbe1d0000 - 0x00007ffdbe1e8000 	C:\Program Files\Java\jdk-19\bin\jli.dll
0x00007ffddb1f0000 - 0x00007ffddb20b000 	C:\Program Files\Java\jdk-19\bin\VCRUNTIME140.dll
0x00007ffe00ec0000 - 0x00007ffe00f6e000 	C:\WINDOWS\System32\ADVAPI32.dll
0x00007ffdffab0000 - 0x00007ffdffb57000 	C:\WINDOWS\System32\msvcrt.dll
0x00007ffe01760000 - 0x00007ffe01804000 	C:\WINDOWS\System32\sechost.dll
0x00007ffe00da0000 - 0x00007ffe00eb5000 	C:\WINDOWS\System32\RPCRT4.dll
0x00007ffdff7e0000 - 0x00007ffdff98d000 	C:\WINDOWS\System32\USER32.dll
0x00007ffdfef00000 - 0x00007ffdfef26000 	C:\WINDOWS\System32\win32u.dll
0x00007ffddae70000 - 0x00007ffddb0fe000 	C:\WINDOWS\WinSxS\amd64_microsoft.windows.common-controls_6595b64144ccf1df_6.0.22621.608_none_a9444ca7c10bb01d\COMCTL32.dll
0x00007ffe015d0000 - 0x00007ffe015f9000 	C:\WINDOWS\System32\GDI32.dll
0x00007ffdfede0000 - 0x00007ffdfeef2000 	C:\WINDOWS\System32\gdi32full.dll
0x00007ffdff5a0000 - 0x00007ffdff63a000 	C:\WINDOWS\System32\msvcp_win.dll
0x00007ffdf50f0000 - 0x00007ffdf50fa000 	C:\WINDOWS\SYSTEM32\VERSION.dll
0x00007ffdffb60000 - 0x00007ffdffb92000 	C:\WINDOWS\System32\IMM32.DLL
0x00007ffddb1e0000 - 0x00007ffddb1ec000 	C:\Program Files\Java\jdk-19\bin\vcruntime140_1.dll
0x00007ffd56d40000 - 0x00007ffd56dce000 	C:\Program Files\Java\jdk-19\bin\msvcp140.dll
0x00007ffd54690000 - 0x00007ffd55350000 	C:\Program Files\Java\jdk-19\bin\server\jvm.dll
0x00007ffdf5970000 - 0x00007ffdf59a4000 	C:\WINDOWS\SYSTEM32\WINMM.dll
0x00007ffdeed50000 - 0x00007ffdeed59000 	C:\WINDOWS\SYSTEM32\WSOCK32.dll
0x00007ffe014e0000 - 0x00007ffe01551000 	C:\WINDOWS\System32\WS2_32.dll
0x00007ffdfddb0000 - 0x00007ffdfddc8000 	C:\WINDOWS\SYSTEM32\kernel.appcore.dll
0x00007ffdcb860000 - 0x00007ffdcb86a000 	C:\Program Files\Java\jdk-19\bin\jimage.dll
0x00007ffdfc830000 - 0x00007ffdfca5e000 	C:\WINDOWS\SYSTEM32\DBGHELP.DLL
0x00007ffe00210000 - 0x00007ffe0059a000 	C:\WINDOWS\System32\combase.dll
0x00007ffdffe90000 - 0x00007ffdfff67000 	C:\WINDOWS\System32\OLEAUT32.dll
0x00007ffdf4660000 - 0x00007ffdf4692000 	C:\WINDOWS\SYSTEM32\dbgcore.DLL
0x00007ffdff390000 - 0x00007ffdff40b000 	C:\WINDOWS\System32\bcryptPrimitives.dll
0x00007ffddb1b0000 - 0x00007ffddb1d6000 	C:\Program Files\Java\jdk-19\bin\java.dll

dbghelp: loaded successfully - version: 4.0.5 - missing functions: none
symbol engine: initialized successfully - sym options: 0x614 - pdb path: .;C:\Program Files\Java\jdk-19\bin;C:\WINDOWS\SYSTEM32;C:\Program Files\Avast Software\Avast;C:\WINDOWS\WinSxS\amd64_microsoft.windows.common-controls_6595b64144ccf1df_6.0.22621.608_none_a9444ca7c10bb01d;C:\Program Files\Java\jdk-19\bin\server

VM Arguments:
jvm_args: -Dfile.encoding=UTF-8 
java_command: opp_store.OPP_STORE
java_class_path (initial): C:\MyProject\OOP-STORE2.0\OPP_STORE\build\classes
Launcher Type: SUN_STANDARD

[Global flags]
     intx CICompilerCount                          = 4                                         {product} {ergonomic}
     uint ConcGCThreads                            = 2                                         {product} {ergonomic}
     uint G1ConcRefinementThreads                  = 8                                         {product} {ergonomic}
   size_t G1HeapRegionSize                         = 2097152                                   {product} {ergonomic}
    uintx GCDrainStackTargetSize                   = 64                                        {product} {ergonomic}
   size_t InitialHeapSize                          = 264241152                                 {product} {ergonomic}
   size_t MarkStackSize                            = 4194304                                   {product} {ergonomic}
   size_t MaxHeapSize                              = 4217372672                                {product} {ergonomic}
   size_t MinHeapDeltaBytes                        = 2097152                                   {product} {ergonomic}
   size_t MinHeapSize                              = 8388608                                   {product} {ergonomic}
    uintx NonNMethodCodeHeapSize                   = 5839372                                {pd product} {ergonomic}
    uintx NonProfiledCodeHeapSize                  = 122909434                              {pd product} {ergonomic}
    uintx ProfiledCodeHeapSize                     = 122909434                              {pd product} {ergonomic}
    uintx ReservedCodeCacheSize                    = 251658240                              {pd product} {ergonomic}
     bool SegmentedCodeCache                       = true                                      {product} {ergonomic}
   size_t SoftMaxHeapSize                          = 4217372672                             {manageable} {ergonomic}
     bool UseCompressedClassPointers               = true                           {product lp64_product} {ergonomic}
     bool UseCompressedOops                        = true                           {product lp64_product} {ergonomic}
     bool UseG1GC                                  = true                                      {product} {ergonomic}
     bool UseLargePagesIndividualAllocation        = false                                  {pd product} {ergonomic}

Logging:
Log output configuration:
 #0: stdout all=warning uptime,level,tags foldmultilines=false
 #1: stderr all=off uptime,level,tags foldmultilines=false

Environment Variables:
PATH=C:\ProgramData\Oracle\Java\javapath;C:\Program Files\Common Files\Oracle\Java\javapath;C:\Windows\system32;C:\Windows;C:\Windows\System32\Wbem;C:\Windows\System32\WindowsPowerShell\v1.0\;C:\Windows\System32\OpenSSH\;C:\Program Files (x86)\NVIDIA Corporation\PhysX\Common;C:\Program Files\NVIDIA Corporation\NVIDIA NvDLISR;C:\Program Files\dotnet\;C:\Program Files\Microsoft SQL Server\130\Tools\Binn\;C:\Program Files\Microsoft SQL Server\Client SDK\ODBC\170\Tools\Binn\;C:\WINDOWS\system32;C:\WINDOWS;C:\WINDOWS\System32\Wbem;C:\WINDOWS\System32\WindowsPowerShell\v1.0\;C:\WINDOWS\System32\OpenSSH\;C:\Program Files\Git\cmd;C:\Users\alios\AppData\Local\Microsoft\WindowsApps;C:\Users\alios\AppData\Local\Programs\Microsoft VS Code\bin;C:\Users\alios\.dotnet\tools;C:\MinGW\bin;
USERNAME=alios
OS=Windows_NT
PROCESSOR_IDENTIFIER=Intel64 Family 6 Model 140 Stepping 1, GenuineIntel
TMP=C:\Users\alios\AppData\Local\Temp
TEMP=C:\Users\alios\AppData\Local\Temp



---------------  S Y S T E M  ---------------

OS:
 Windows 11 , 64 bit Build 22621 (10.0.22621.1105)
OS uptime: 6 days 0:25 hours

CPU: total 8 (initial active 8) (4 cores per cpu, 2 threads per core) family 6 model 140 stepping 1 microcode 0x6e, cx8, cmov, fxsr, ht, mmx, 3dnowpref, sse, sse2, sse3, ssse3, sse4.1, sse4.2, popcnt, lzcnt, tsc, tscinvbit, avx, avx2, aes, erms, clmul, bmi1, bmi2, adx, avx512f, avx512dq, avx512cd, avx512bw, avx512vl, sha, fma, vzeroupper, avx512_vpopcntdq, avx512_vpclmulqdq, avx512_vaes, avx512_vnni, clflush, clflushopt, clwb, avx512_vbmi2, avx512_vbmi, rdtscp, rdpid, fsrm, gfni, avx512_bitalg

Memory: 4k page, system-wide physical 16085M (6045M free)
TotalPageFile size 65236M (AvailPageFile size 5M)
current process WorkingSet (physical memory assigned to process): 11M, peak: 11M
current process commit charge ("private bytes"): 313M, peak: 317M

vm_info: Java HotSpot(TM) 64-Bit Server VM (19.0.1+10-21) for windows-amd64 JRE (19.0.1+10-21), built on 2022-09-14T12:45:06Z by "mach5one" with MS VC++ 17.1 (VS2022)

END.
